C51 COMPILER V9.60.7.0   MAIN                                                              04/10/2024 16:05:11 PAGE 1   


C51 COMPILER V9.60.7.0, COMPILATION OF MODULE MAIN
OBJECT MODULE PLACED IN .\Objects\main.obj
COMPILER INVOKED BY: D:\Keil_v5\C51\BIN\C51.EXE main.c OPTIMIZE(8,SPEED) BROWSE DEBUG OBJECTEXTEND PRINT(.\Listings\main
                    -.lst) TABS(2) OBJECT(.\Objects\main.obj)

line level    source

   1          #include <at89c5131.h>
   2          #include "lcd.h"    // Header file with LCD interfacing functions
*** WARNING C235 IN LINE 98 OF lcd.h: parameter 1: different types
   3          #include "serial.h" // Header file with UART interfacing functions
   4          
   5          sbit LED1=P1^4;
   6          sbit LED2=P1^5;
   7          sbit LED3=P1^6;
   8          sbit LED4=P1^7;
   9          
  10          // Test function definitions
  11          /************************************************
  12          lcd_test():
  13            LCD test function that gets called when
  14            '1' is received from UART
  15            Prints "LCD Ok" on LCD. After 4 seconds
  16            LCD is cleared
  17          ************************************************/
  18          void lcd_test(void)
  19          {
  20   1         lcd_cmd(0x80);
  21   1         lcd_write_string("LCD Ok");
  22   1         msdelay(2000);
  23   1         lcd_cmd(0x01);
  24   1      } 
  25          
  26          /************************************************
  27          led_test():
  28            LED test code. Update this function
  29            to test LEDs on P1.7-P1.4 by blinking
  30            them for a few times.
  31          ************************************************/
  32          void led_test(void)
  33          {
  34   1         LED1 = 1;
  35   1         msdelay(1000);
  36   1         LED2 = 1;
  37   1         msdelay(1000);
  38   1         LED3 = 1;
  39   1         msdelay(1000);
  40   1         LED4 = 1;
  41   1         msdelay(1000);
  42   1         P1 = 0;
  43   1      }
  44          
  45          // Main function
  46          void main(void)
  47          {
  48   1        unsigned char ch=0;
  49   1        
  50   1        // Initialize port P1 for output from P1.7-P1.4
  51   1        P1 = 0x0F;
  52   1        
  53   1        // Call initialization functions
C51 COMPILER V9.60.7.0   MAIN                                                              04/10/2024 16:05:11 PAGE 2   

  54   1        lcd_init();
  55   1        uart_init();
  56   1        
  57   1        // These strings will be printed in terminal software
  58   1        transmit_string("************************\r\n");
  59   1        transmit_string("******8051 Tests********\r\n");
  60   1        transmit_string("************************\r\n");
  61   1        transmit_string("Press 1 for LCD test\r\n");
  62   1        transmit_string("Press 2 for LED test\r\n");
  63   1        
  64   1        while(1)
  65   1        {
  66   2            // Receive a character
  67   2            ch = receive_char();
  68   2          
  69   2            // Decide which test function to run based on character sent
  70   2            // Displays the string on the terminal software
  71   2            switch(ch)
  72   2            {
  73   3              case '1':
  74   3                lcd_test();
  75   3                transmit_string("LCD tested\r\n");
  76   3                break;
  77   3              
  78   3              case '2':
  79   3                led_test();
  80   3                transmit_string("LED tested\r\n");
  81   3                break;
  82   3                    
  83   3              default:
  84   3                transmit_string("Incorrect key pressed\r\n");
  85   3                break;
  86   3            }
  87   2            msdelay(100);
  88   2        }
  89   1      }


MODULE INFORMATION:   STATIC OVERLAYABLE
   CODE SIZE        =    580    ----
   CONSTANT SIZE    =    157    ----
   XDATA SIZE       =   ----    ----
   PDATA SIZE       =   ----    ----
   DATA SIZE        =   ----      12
   IDATA SIZE       =   ----    ----
   BIT SIZE         =      2    ----
END OF MODULE INFORMATION.


C51 COMPILATION COMPLETE.  1 WARNING(S),  0 ERROR(S)
