A51 MACRO ASSEMBLER  DECRYPT                                                              02/10/2024 01:44:20 PAGE     1


MACRO ASSEMBLER A51 V8.2.7.0
OBJECT MODULE PLACED IN .\Objects\decrypt.obj
ASSEMBLER INVOKED BY: D:\Keil_v5\C51\BIN\A51.EXE decrypt.asm SET(SMALL) DEBUG PRINT(.\Listings\decrypt.lst) OBJECT(.\Obj
                      ects\decrypt.obj) EP

LOC  OBJ            LINE     SOURCE

0000                   1     org 00h
0000 020040            2     ljmp MAIN
0040                   3     org 40h
0040                   4     MAIN:
                       5     
                       6     ;-------------------------TAKING INPUT FROM P1.3 to P1.0-----------------------------------
                             ---------------------------  
0040 75900F            7                     mov p1,#0fh
0043 D294              8                     setb p1.4
0045 311B              9                     CALL DELAY_5s
0047 C294             10                     clr p1.4
0049 E4               11                     clr a
004A E590             12                     mov a,p1
004C F571             13                     mov 71h,A  
                      14     
004E 7570F7           15                     mov 70h, #247  
                      16             
0051 757205           17                     mov 72h, #05h  
                      18                     
                      19     ;------------------------------COMPUTATION BEGINS------------------------------------------
                             ---------------------------- 
0054 E571             20                     mov A, 71h  
0056 8572F0           21                     mov B, 72h  
                      22                     
0059 1188             23                     CALL A_exp_B
                      24                     
005B 857350           25                     mov 50h,73h
005E 857451           26                     mov 51h,74h 
                      27     
0061 11D4             28                     CALL BA_mod_r0
                      29                     
0063 F573             30                     mov 73h, a  
                      31                     
                      32     ;--------------DISPLAYING THE RESULT ON LEDs NIBBLE by NIBBLE MSB NIBBLE FIRST(IN ENDLESS L
                             OOP) -----------
                      33     
                      34                     
0065 75900F           35     Here:   mov p1,#0fh
0068 E573             36                     mov a,73h
006A 54F0             37                     anl a,#0f0h
006C F590             38                     mov p1,a
006E 311B             39                     CALL DELAY_5s
                      40                     
0070 759000           41                     mov p1,#00h
0073 3110             42                     CALL DELAY_1s
                      43     
                      44                     
0075 E573             45                     mov a,73h
0077 540F             46                     anl a,#0fh
0079 C4               47                     swap a
007A 75900F           48                     mov p1,#0fh
007D F590             49                     mov p1,a
007F 311B             50                     CALL DELAY_5s
                      51                     
0081 759000           52                     mov p1,#00h
0084 3110             53                     CALL DELAY_1s
                      54     
A51 MACRO ASSEMBLER  DECRYPT                                                              02/10/2024 01:44:20 PAGE     2

                      55                     
                      56                     
0086 80DD             57                      JMP Here
                      58                     
                      59     ;------------------------------------------------------------------------------------------
                             --------------       
                      60     
0088                  61     A_exp_B:
0088 757300           62                     mov 73h,#00h
008B F574             63                     mov 74h,A
008D F575             64                     mov 75h,A
008F 15F0             65                     dec B
0091 AFF0             66                     mov r7,B
0093 1198             67                     up:     CALL MULT_16x8
0095 DFFC             68                     DJNZ r7,up
0097 22               69     RET
                      70     ;------------------------------------------------------------------------------------------
                             --------------       
                      71     
                      72     
                      73     
                      74     
0098                  75     MULT_16x8:
0098 E574             76                     mov A,74h
009A 8575F0           77                     mov B,75h
009D A4               78                     mul AB
009E 85F060           79                     mov 60h,B
00A1 F561             80                     mov 61h,A
                      81                     
00A3 E573             82                     mov A,73h
00A5 8575F0           83                     mov B,75h
00A8 A4               84                     mul AB
00A9 F562             85                     mov 62h,A    
00AB 756300           86                     mov 63h,#00h
00AE 11B1             87                     CALL ADD_16
                      88     
00B0 22               89     RET
                      90     ;------------------------------------------------------------------------------------------
                             --------------
                      91     
                      92     
                      93     
00B1 AB60             94     ADD_16: mov r3,60h 
00B3 AC61             95                     mov r4,61h
00B5 AD62             96                     mov r5,62h 
00B7 AE63             97                     mov r6,63h
00B9 EC               98                     mov a,r4
00BA 2E               99                     add a,r6
00BB F574            100                     mov 74h,a   
00BD EB              101                     mov a,r3
00BE 3D              102                     addc a,r5
00BF F573            103                     mov 73h,a  
                     104                     
00C1 22              105     RET     
                     106     
                     107     
                     108     ;------------------------------------------------------------------------------------------
                             --------------
                     109     
                     110     
                     111     
00C2                 112     SUB_16: 
00C2 AB60            113                     mov r3,60h 
00C4 AC61            114                     mov r4,61h
00C6 AD62            115                     mov r5,62h 
00C8 AE63            116                     mov r6,63h
A51 MACRO ASSEMBLER  DECRYPT                                                              02/10/2024 01:44:20 PAGE     3

00CA EC              117                     mov a,r4
00CB C3              118                     clr c
00CC 9E              119                     subb a,r6
00CD F566            120                     mov 66h,a   
00CF EB              121                     mov a,r3
00D0 9D              122                     subb a,r5
00D1 F565            123                     mov 65h,a  
00D3 22              124     RET     
                     125     
                     126     ;------------------------------------------------------------------------------------------
                             --------------       
00D4                 127     BA_mod_r0:
                     128     
00D4 8573F0          129                     mov b, 73h
00D7 E574            130                     mov a, 74h
00D9 A870            131                     mov r0, 70h
                     132     
                     133     ;Mod n operation
                     134     
00DB 85F060          135                     mov 60h,b
00DE F561            136                     mov 61h,a
00E0 756200          137                     mov 62h,#00h
00E3 8863            138                     mov 63h,r0
                     139                     
00E5 11C2            140     up1:    CALL SUB_16
00E7 856560          141                     mov 60h,65h
00EA 856661          142                     mov 61h,66h
00ED E565            143                     mov a,65h
00EF B400F3          144                     cjne a,#00h,up1
00F2 E566            145                     mov a,66h
00F4 98              146                     subb a,r0
00F5 50EE            147                     jnc up1
00F7 E566            148                     mov a,66h
00F9 F573            149             mov 73h, a               
00FB 22              150     RET
                     151     ;------------------------------------------------------------------------------------------
                             -----------------
00FC                 152     DELAY_250us:
00FC C000            153     push 00h
00FE 78FA            154     mov r0,#0fah
0100                 155     back1:
0100 D8FE            156             djnz r0,back1
0102 D000            157     pop 00h
0104 22              158     RET
                     159     
0105                 160     DELAY_10ms:
0105 C000            161     push 00h
0107 7828            162     mov r0,#40
0109                 163     back2:
0109 11FC            164             CALL DELAY_250us
010B D8FC            165             djnz r0,back2
010D D000            166     pop 00h
010F 22              167     RET
                     168     
0110                 169     DELAY_1s: 
0110 C000            170     push 00h
0112 7864            171     mov r0,#100
0114                 172     back3:
0114 3105            173             CALL DELAY_10ms
0116 D8FC            174             djnz r0,back3
0118 D000            175     pop 00h
011A 22              176     RET
                     177     
011B                 178     DELAY_5s: 
011B C000            179     push 00h
011D 7805            180     mov r0,#5
A51 MACRO ASSEMBLER  DECRYPT                                                              02/10/2024 01:44:20 PAGE     4

011F                 181     back4:
011F 3110            182             CALL DELAY_1s
0121 D8FC            183             djnz r0,back4
0123 D000            184     pop 00h
0125 22              185     RET
                     186     
                     187     END
A51 MACRO ASSEMBLER  DECRYPT                                                              02/10/2024 01:44:20 PAGE     5

SYMBOL TABLE LISTING
------ ----- -------


N A M E             T Y P E  V A L U E   ATTRIBUTES

ADD_16 . . . . . .  C ADDR   00B1H   A   
A_EXP_B. . . . . .  C ADDR   0088H   A   
B. . . . . . . . .  D ADDR   00F0H   A   
BACK1. . . . . . .  C ADDR   0100H   A   
BACK2. . . . . . .  C ADDR   0109H   A   
BACK3. . . . . . .  C ADDR   0114H   A   
BACK4. . . . . . .  C ADDR   011FH   A   
BA_MOD_R0. . . . .  C ADDR   00D4H   A   
DELAY_10MS . . . .  C ADDR   0105H   A   
DELAY_1S . . . . .  C ADDR   0110H   A   
DELAY_250US. . . .  C ADDR   00FCH   A   
DELAY_5S . . . . .  C ADDR   011BH   A   
HERE . . . . . . .  C ADDR   0065H   A   
MAIN . . . . . . .  C ADDR   0040H   A   
MULT_16X8. . . . .  C ADDR   0098H   A   
P1 . . . . . . . .  D ADDR   0090H   A   
SUB_16 . . . . . .  C ADDR   00C2H   A   
UP . . . . . . . .  C ADDR   0093H   A   
UP1. . . . . . . .  C ADDR   00E5H   A   


REGISTER BANK(S) USED: 0 


ASSEMBLY COMPLETE.  0 WARNING(S), 0 ERROR(S)
