C51 COMPILER V9.60.7.0   LCD                                                               02/13/2024 15:30:43 PAGE 1   


C51 COMPILER V9.60.7.0, COMPILATION OF MODULE LCD
OBJECT MODULE PLACED IN .\Objects\lcd.obj
COMPILER INVOKED BY: D:\Keil_v5\C51\BIN\C51.EXE lcd.c OPTIMIZE(8,SPEED) BROWSE DEBUG OBJECTEXTEND PRINT(.\Listings\lcd.l
                    -st) TABS(2) OBJECT(.\Objects\lcd.obj)

line level    source

   1          #include <at89c5131.h>
   2          #include "lcd.h"
   3          #include <math.h>
   4          code unsigned char display_msg1[]="    Input 1:    ";           //Display msg on 1st line of lcd
   5          code unsigned char display_msg2[]="    Input 2:    ";           //Display msg on 2st line of lcd
   6          code unsigned char display_msg3[]="  Prediction :  ";                                                     
             -    
   7          code unsigned char display_msg4[]="P(Class 1)=";
   8          code unsigned char display_msg5[]="P(Class 2)=";
   9          void main()
  10          {
  11   1        int w0 = -37;
  12   1        int w1 = 5;
  13   1        int w2 = 7;
  14   1        int x1, x2;
  15   1        int y;
  16   1        float z;
  17   1        lcd_init();
  18   1        lcd_cmd(0x80);                          //Move cursor to first line
  19   1        msdelay(4);
  20   1        lcd_write_string(display_msg1);
  21   1        msdelay(5000);
  22   1        x1 = P1 & 0x0f;
  23   1        
  24   1        lcd_init();
  25   1        lcd_cmd(0x80);                          //Move cursor to first line
  26   1        msdelay(4);
  27   1        lcd_write_string(display_msg2);
  28   1        msdelay(5000);
  29   1        x2 = P1 & 0x0f;
  30   1        
  31   1        y = 1*w0 + x1*w1 + x2*w2;
  32   1        z = 1/(1+exp(-y));
  33   1      
  34   1        lcd_init();
  35   1        lcd_cmd(0x80);                          //Move cursor to first line
  36   1        msdelay(4);
  37   1        lcd_write_string(display_msg4);
  38   1        lcd_float(1-z);
  39   1        lcd_cmd(0xC0);                          //Move cursor to 2nd line of LCD
  40   1        msdelay(4);
  41   1        lcd_write_string(display_msg5);
  42   1        lcd_float(z);
  43   1        
  44   1        
  45   1        while(1);
  46   1          
  47   1      }


MODULE INFORMATION:   STATIC OVERLAYABLE
   CODE SIZE        =    514    ----
   CONSTANT SIZE    =     75    ----
   XDATA SIZE       =   ----    ----
C51 COMPILER V9.60.7.0   LCD                                                               02/13/2024 15:30:43 PAGE 2   

   PDATA SIZE       =   ----    ----
   DATA SIZE        =   ----      23
   IDATA SIZE       =   ----    ----
   BIT SIZE         =   ----    ----
END OF MODULE INFORMATION.


C51 COMPILATION COMPLETE.  0 WARNING(S),  0 ERROR(S)
