C51 COMPILER V9.60.7.0   LAB6_1                                                            02/20/2024 14:00:38 PAGE 1   


C51 COMPILER V9.60.7.0, COMPILATION OF MODULE LAB6_1
OBJECT MODULE PLACED IN .\Objects\lab6_1.obj
COMPILER INVOKED BY: D:\Keil_v5\C51\BIN\C51.EXE lab6_1.c OPTIMIZE(8,SPEED) BROWSE DEBUG OBJECTEXTEND PRINT(.\Listings\la
                    -b6_1.lst) TABS(2) OBJECT(.\Objects\lab6_1.obj)

line level    source

   1          #include <at89c5131.h>
   2          
   3          sbit LED=P3^6;
   4          
   5          //Functions prototype
   6          void timerdelay_ON(void);
   7          void timerdelay_OFF(void);
   8          
   9          /*
  10          The 8051 has two timers T0 and T1.
  11          When used as timers, the 8051 timers count up every 12th clock cycle.
  12          That means for oscillator clock of 24MHz the timer count increments at the rate 24MHz/12 i.e. 2MHz
  13          So one upcount in timer registers takes 0.5 microseconds.
  14          
  15          So to get 4ms delay we need to count for 4ms/0.5us = 8000 count
  16          
  17          Hexadecimal value of -8000 is E0C0H
  18          
  19          OR 
  20          
  21          8000 in hex will be 1F40H . So, 10000H - 1F40H = E0C0H
  22          */
  23          /*
  24          So to get 12ms delay we need to count for 12ms/0.5us = 24000 count
  25          Hexadecimal value of -24000 is A240H
  26          
  27          OR
  28          
  29          24000 in hex will be 5DC0H . So, 10000H - 5DC0H = A240H
  30          */
  31          //Main function
  32          void main(void)
  33          {
  34   1        TMOD = 0x10; //Timer 1 in mod 1
  35   1        while(1)
  36   1        {
  37   2          LED = 1;
  38   2          timerdelay_ON();
  39   2          LED = 0;
  40   2          timerdelay_OFF();
  41   2        }
  42   1      
  43   1      }
  44          
  45          
  46          void timerdelay_ON(void)
  47          {
  48   1        TL1 = 0xC0; //Starting Count value
  49   1        TH1 = 0xE0;
  50   1        TR1 = 1; //Start bit indicates the counting starts
  51   1        while(TF1 == 0); //Checks overflow that is FFFFH to 0000H
  52   1        TR1 = 0; //Stops the timer
  53   1        TF1 = 0;
  54   1      }
C51 COMPILER V9.60.7.0   LAB6_1                                                            02/20/2024 14:00:38 PAGE 2   

  55          
  56          void timerdelay_OFF(void)
  57          {
  58   1        TL1 = 0x40;
  59   1        TH1 = 0xA2;
  60   1        TR1 = 1;
  61   1        while(TF1 == 0);
  62   1        TR1 = 0;
  63   1        TF1 = 0;
  64   1      }


MODULE INFORMATION:   STATIC OVERLAYABLE
   CODE SIZE        =     47    ----
   CONSTANT SIZE    =   ----    ----
   XDATA SIZE       =   ----    ----
   PDATA SIZE       =   ----    ----
   DATA SIZE        =   ----    ----
   IDATA SIZE       =   ----    ----
   BIT SIZE         =   ----    ----
END OF MODULE INFORMATION.


C51 COMPILATION COMPLETE.  0 WARNING(S),  0 ERROR(S)
