C51 COMPILER V9.60.7.0   LAB6_2                                                            02/19/2024 22:14:29 PAGE 1   


C51 COMPILER V9.60.7.0, COMPILATION OF MODULE LAB6_2
OBJECT MODULE PLACED IN .\Objects\lab6_2.obj
COMPILER INVOKED BY: D:\Keil_v5\C51\BIN\C51.EXE lab6_2.c OPTIMIZE(8,SPEED) BROWSE DEBUG OBJECTEXTEND PRINT(.\Listings\la
                    -b6_2.lst) TABS(2) OBJECT(.\Objects\lab6_2.obj)

line level    source

   1          #include <at89c5131.h>
   2          
   3          /*
   4          Two frequency simultaneously with timers in interrupts mode.
   5          First LED1 time period is 2ms.
   6          Second LED2 time period is 3ms.
   7          */
   8          
   9          sbit LED1=P3^6;
  10          sbit LED2=P3^7;
  11          
  12          
  13          void timer0_isr () interrupt 1
  14          {
  15   1         LED1 = ~LED1;
  16   1         //Reload values for TH0 and TL0. Start timer 0.
  17   1         TF0  = 0;
  18   1         TH0  = 0xF8;
  19   1         TL0  = 0x30;
  20   1         TR0  = 1;
  21   1      }
  22          
  23          void timer1_isr () interrupt 3
  24          {
  25   1         LED2 = ~LED2;
  26   1         //Reload values for TH1 and TL1. Start timer 1.
  27   1         TF1  = 0;
  28   1         TH1  = 0xF4;
  29   1         TL1  = 0x48;
  30   1         TR1  = 1;
  31   1      }
  32          
  33          //Main function
  34          void main(void)
  35          {
  36   1        TMOD = 0x11; //mode 1 timer 0 and timer 1
  37   1        TH0  = 0xF8; //Values for Timer 0 TH0
  38   1        TH1  = 0xF4; //Values for Timer 1 TH1
  39   1        TL0  = 0x30; //Values for Timer 0 TL0
  40   1        TL1  = 0x48; //Values for Timer 1 TL1
  41   1        ET0  = 1;    //activate interrupts for both timers
  42   1        ET1  = 1;
  43   1        EA   = 1;    //activate global interrupts
  44   1        TR0  = 1;    //start timer 0
  45   1        TR1  = 1;    //start timer 1
  46   1        
  47   1        while(1);
  48   1      }


MODULE INFORMATION:   STATIC OVERLAYABLE
   CODE SIZE        =     53    ----
   CONSTANT SIZE    =   ----    ----
   XDATA SIZE       =   ----    ----
C51 COMPILER V9.60.7.0   LAB6_2                                                            02/19/2024 22:14:29 PAGE 2   

   PDATA SIZE       =   ----    ----
   DATA SIZE        =   ----    ----
   IDATA SIZE       =   ----    ----
   BIT SIZE         =   ----    ----
END OF MODULE INFORMATION.


C51 COMPILATION COMPLETE.  0 WARNING(S),  0 ERROR(S)
