A51 MACRO ASSEMBLER  XOR_SWAP                                                             01/23/2024 14:19:05 PAGE     1


MACRO ASSEMBLER A51 V8.2.7.0
OBJECT MODULE PLACED IN .\Objects\XOR_SWAP.obj
ASSEMBLER INVOKED BY: D:\Keil_v5\C51\BIN\A51.EXE XOR_SWAP.a51 SET(SMALL) DEBUG PRINT(.\Listings\XOR_SWAP.lst) OBJECT(.\O
                      bjects\XOR_SWAP.obj) EP

LOC  OBJ            LINE     SOURCE

                       1     
0000                   2     ORG 0H
0000 020100            3     LJMP MAIN
0100                   4     ORG 100H
0100                   5     MAIN:
0100 3130              6     CALL XORSWAP
0102 80FE              7     HERE: SJMP HERE
0130                   8     ORG 130H
                       9     
0130                  10     XORSWAP:
0130 E4               11     CLR A
0131 6560             12     XRL A , 60H
0133 6561             13     XRL A , 61H
0135 6261             14     XRL 61H , A  
0137 6260             15     XRL 60H , A  
0139 22               16     RET
                      17     END
                             
                             
                             
A51 MACRO ASSEMBLER  XOR_SWAP                                                             01/23/2024 14:19:05 PAGE     2

SYMBOL TABLE LISTING
------ ----- -------


N A M E             T Y P E  V A L U E   ATTRIBUTES

HERE . . . . . . .  C ADDR   0102H   A   
MAIN . . . . . . .  C ADDR   0100H   A   
XORSWAP. . . . . .  C ADDR   0130H   A   


REGISTER BANK(S) USED: 0 


ASSEMBLY COMPLETE.  0 WARNING(S), 0 ERROR(S)
